<?xml version="1.0" encoding="UTF-8"?>
<!-- Generated by org.testng.reporters.JUnitReportReporter -->
<testsuite hostname="LAPTOP-8A6GH1DV" failures="0" tests="4" name="api.test.UserTestCases" time="8.924" errors="0" timestamp="2023-05-21T10:06:06 ICT" skipped="0">
  <testcase classname="api.test.UserTestCases" name="testPostUser" time="3.761"/>
  <system-out/>
  <testcase classname="api.test.UserTestCases" name="testGetUserByName" time="1.279"/>
  <system-out/>
  <testcase classname="api.test.UserTestCases" name="testUpdateUserByName" time="2.633"/>
  <system-out/>
  <testcase classname="api.test.UserTestCases" name="testDeleteUserByName" time="1.251"/>
  <system-out/>
</testsuite> <!-- api.test.UserTestCases -->
