<?xml version="1.0" encoding="UTF-8"?>
<!-- Generated by org.testng.reporters.JUnitReportReporter -->
<testsuite hostname="LAPTOP-8A6GH1DV" failures="0" tests="6" name="api.test.DataDrivenTest" time="10.054" errors="0" timestamp="2023-05-19T11:56:55 ICT" skipped="0">
  <testcase classname="api.test.DataDrivenTest" name="testPostUser" time="3.683"/>
  <system-out/>
  <testcase classname="api.test.DataDrivenTest" name="testPostUser" time="1.278"/>
  <system-out/>
  <testcase classname="api.test.DataDrivenTest" name="testPostUser" time="1.284"/>
  <system-out/>
  <testcase classname="api.test.DataDrivenTest" name="testDeleteUserByName" time="1.286"/>
  <system-out/>
  <testcase classname="api.test.DataDrivenTest" name="testDeleteUserByName" time="1.240"/>
  <system-out/>
  <testcase classname="api.test.DataDrivenTest" name="testDeleteUserByName" time="1.283"/>
  <system-out/>
</testsuite> <!-- api.test.DataDrivenTest -->
