<?xml version="1.0" encoding="UTF-8"?>
<!-- Generated by org.testng.reporters.JUnitReportReporter -->
<testsuite hostname="LAPTOP-8A6GH1DV" failures="0" tests="4" name="api.test.UserTestCases2_usingPropertiesFile" time="9.102" errors="0" timestamp="2023-05-21T10:38:06 ICT" skipped="0">
  <testcase classname="api.test.UserTestCases2_usingPropertiesFile" name="testPostUser" time="3.937"/>
  <system-out/>
  <testcase classname="api.test.UserTestCases2_usingPropertiesFile" name="testGetUserByName" time="1.305"/>
  <system-out/>
  <testcase classname="api.test.UserTestCases2_usingPropertiesFile" name="testUpdateUserByName" time="2.625"/>
  <system-out/>
  <testcase classname="api.test.UserTestCases2_usingPropertiesFile" name="testDeleteUserByName" time="1.235"/>
  <system-out/>
</testsuite> <!-- api.test.UserTestCases2_usingPropertiesFile -->
