<?xml version="1.0" encoding="UTF-8"?>
<!-- Generated by org.testng.reporters.JUnitReportReporter -->
<testsuite hostname="LAPTOP-8A6GH1DV" failures="0" tests="4" name="api.test.UserTestCases2_usingPropertiesFile" time="8.603" errors="0" timestamp="2023-05-21T11:14:43 ICT" skipped="0">
  <testcase classname="api.test.UserTestCases2_usingPropertiesFile" name="testPostUser" time="3.861"/>
  <system-out/>
  <testcase classname="api.test.UserTestCases2_usingPropertiesFile" name="testGetUserByName" time="1.238"/>
  <system-out/>
  <testcase classname="api.test.UserTestCases2_usingPropertiesFile" name="testUpdateUserByName" time="2.327"/>
  <system-out/>
  <testcase classname="api.test.UserTestCases2_usingPropertiesFile" name="testDeleteUserByName" time="1.177"/>
  <system-out/>
</testsuite> <!-- api.test.UserTestCases2_usingPropertiesFile -->
